0 verbose cli /usr/bin/node /usr/bin/npm
1 info using npm@10.9.2
2 info using node@v22.13.1
3 silly config load:file:/usr/lib/node_modules/npm/npmrc
4 silly config load:file:/home/amine/.npmrc
5 silly config load:file:/usr/etc/npmrc
6 verbose title npm install configurable-http-proxy
7 verbose argv "install" "--global" "configurable-http-proxy"
8 verbose logfile logs-max:10 dir:/home/amine/.npm/_logs/2025-01-28T14_55_36_823Z-
9 verbose logfile /home/amine/.npm/_logs/2025-01-28T14_55_36_823Z-debug-0.log
10 silly packumentCache heap:4345298944 maxSize:1086324736 maxEntrySize:543162368
11 silly logfile done cleaning log files
12 silly idealTree buildDeps
13 silly fetch manifest configurable-http-proxy@*
14 silly packumentCache full:https://registry.npmjs.org/configurable-http-proxy cache-miss
15 http fetch GET 200 https://registry.npmjs.org/npm 367ms
16 http fetch GET 200 https://registry.npmjs.org/configurable-http-proxy 302ms (cache miss)
17 silly packumentCache full:https://registry.npmjs.org/configurable-http-proxy set size:undefined disposed:false
18 silly placeDep ROOT configurable-http-proxy@4.6.3 OK for:  want: *
19 silly fetch manifest commander@~7.2
20 silly packumentCache full:https://registry.npmjs.org/commander cache-miss
21 silly fetch manifest http-proxy-node16@1.0.5
22 silly packumentCache full:https://registry.npmjs.org/http-proxy-node16 cache-miss
23 silly fetch manifest prom-client@14.2.0
24 silly packumentCache full:https://registry.npmjs.org/prom-client cache-miss
25 silly fetch manifest strftime@~0.10.0
26 silly packumentCache full:https://registry.npmjs.org/strftime cache-miss
27 silly fetch manifest winston@~3.15.0
28 silly packumentCache full:https://registry.npmjs.org/winston cache-miss
29 http fetch GET 200 https://registry.npmjs.org/http-proxy-node16 99ms (cache miss)
30 silly packumentCache full:https://registry.npmjs.org/http-proxy-node16 set size:undefined disposed:false
31 http fetch GET 200 https://registry.npmjs.org/commander 116ms (cache miss)
32 silly packumentCache full:https://registry.npmjs.org/commander set size:undefined disposed:false
33 http fetch GET 200 https://registry.npmjs.org/strftime 163ms (cache miss)
34 silly packumentCache full:https://registry.npmjs.org/strftime set size:undefined disposed:false
35 http fetch GET 200 https://registry.npmjs.org/winston 203ms (cache miss)
36 silly packumentCache full:https://registry.npmjs.org/winston set size:undefined disposed:false
37 http fetch GET 200 https://registry.npmjs.org/prom-client 212ms (cache miss)
38 silly packumentCache full:https://registry.npmjs.org/prom-client set size:undefined disposed:false
39 silly placeDep node_modules/configurable-http-proxy commander@7.2.0 OK for: configurable-http-proxy@4.6.3 want: ~7.2
40 silly placeDep node_modules/configurable-http-proxy http-proxy-node16@1.0.5 OK for: configurable-http-proxy@4.6.3 want: 1.0.5
41 silly placeDep node_modules/configurable-http-proxy prom-client@14.2.0 OK for: configurable-http-proxy@4.6.3 want: 14.2.0
42 silly placeDep node_modules/configurable-http-proxy strftime@0.10.3 OK for: configurable-http-proxy@4.6.3 want: ~0.10.0
43 silly placeDep node_modules/configurable-http-proxy winston@3.15.0 OK for: configurable-http-proxy@4.6.3 want: ~3.15.0
44 silly fetch manifest eventemitter3@^4.0.0
45 silly packumentCache full:https://registry.npmjs.org/eventemitter3 cache-miss
46 silly fetch manifest requires-port@^1.0.0
47 silly packumentCache full:https://registry.npmjs.org/requires-port cache-miss
48 silly fetch manifest follow-redirects@^1.0.0
49 silly packumentCache full:https://registry.npmjs.org/follow-redirects cache-miss
50 silly fetch manifest tdigest@^0.1.1
51 silly packumentCache full:https://registry.npmjs.org/tdigest cache-miss
52 silly fetch manifest async@^3.2.3
53 silly packumentCache full:https://registry.npmjs.org/async cache-miss
54 silly fetch manifest logform@^2.6.0
55 silly packumentCache full:https://registry.npmjs.org/logform cache-miss
56 silly fetch manifest one-time@^1.0.0
57 silly packumentCache full:https://registry.npmjs.org/one-time cache-miss
58 http fetch GET 200 https://registry.npmjs.org/requires-port 52ms (cache miss)
59 silly packumentCache full:https://registry.npmjs.org/requires-port set size:undefined disposed:false
60 silly fetch manifest is-stream@^2.0.0
61 silly packumentCache full:https://registry.npmjs.org/is-stream cache-miss
62 http fetch GET 200 https://registry.npmjs.org/eventemitter3 57ms (cache miss)
63 silly packumentCache full:https://registry.npmjs.org/eventemitter3 set size:undefined disposed:false
64 silly fetch manifest stack-trace@0.0.x
65 silly packumentCache full:https://registry.npmjs.org/stack-trace cache-miss
66 http fetch GET 200 https://registry.npmjs.org/async 69ms (cache miss)
67 silly packumentCache full:https://registry.npmjs.org/async set size:undefined disposed:false
68 silly fetch manifest triple-beam@^1.3.0
69 silly packumentCache full:https://registry.npmjs.org/triple-beam cache-miss
70 http fetch GET 200 https://registry.npmjs.org/follow-redirects 87ms (cache miss)
71 silly packumentCache full:https://registry.npmjs.org/follow-redirects set size:undefined disposed:false
72 silly fetch manifest @colors/colors@^1.6.0
73 silly packumentCache full:https://registry.npmjs.org/@colors%2fcolors cache-miss
74 http fetch GET 200 https://registry.npmjs.org/is-stream 95ms (cache miss)
75 silly packumentCache full:https://registry.npmjs.org/is-stream set size:undefined disposed:false
76 silly fetch manifest readable-stream@^3.4.0
77 silly packumentCache full:https://registry.npmjs.org/readable-stream cache-miss
78 http fetch GET 200 https://registry.npmjs.org/one-time 153ms (cache miss)
79 silly packumentCache full:https://registry.npmjs.org/one-time set size:undefined disposed:false
80 silly fetch manifest @dabh/diagnostics@^2.0.2
81 silly packumentCache full:https://registry.npmjs.org/@dabh%2fdiagnostics cache-miss
82 http fetch GET 200 https://registry.npmjs.org/stack-trace 105ms (cache miss)
83 silly packumentCache full:https://registry.npmjs.org/stack-trace set size:undefined disposed:false
84 silly fetch manifest winston-transport@^4.7.0
85 silly packumentCache full:https://registry.npmjs.org/winston-transport cache-miss
86 http fetch GET 200 https://registry.npmjs.org/logform 174ms (cache miss)
87 silly packumentCache full:https://registry.npmjs.org/logform set size:undefined disposed:false
88 silly fetch manifest safe-stable-stringify@^2.3.1
89 silly packumentCache full:https://registry.npmjs.org/safe-stable-stringify cache-miss
90 http fetch GET 200 https://registry.npmjs.org/triple-beam 105ms (cache miss)
91 silly packumentCache full:https://registry.npmjs.org/triple-beam set size:undefined disposed:false
92 http fetch GET 200 https://registry.npmjs.org/@colors%2fcolors 111ms (cache miss)
93 silly packumentCache full:https://registry.npmjs.org/@colors%2fcolors set size:undefined disposed:false
94 http fetch GET 200 https://registry.npmjs.org/winston-transport 103ms (cache miss)
95 silly packumentCache full:https://registry.npmjs.org/winston-transport set size:undefined disposed:false
96 http fetch GET 200 https://registry.npmjs.org/safe-stable-stringify 101ms (cache miss)
97 silly packumentCache full:https://registry.npmjs.org/safe-stable-stringify set size:undefined disposed:false
98 http fetch GET 200 https://registry.npmjs.org/readable-stream 137ms (cache miss)
99 silly packumentCache full:https://registry.npmjs.org/readable-stream set size:undefined disposed:false
100 http fetch GET 200 https://registry.npmjs.org/@dabh%2fdiagnostics 199ms (cache miss)
101 silly packumentCache full:https://registry.npmjs.org/@dabh%2fdiagnostics set size:undefined disposed:false
102 http fetch GET 200 https://registry.npmjs.org/tdigest 546ms (cache miss)
103 silly packumentCache full:https://registry.npmjs.org/tdigest set size:undefined disposed:false
104 silly placeDep node_modules/configurable-http-proxy eventemitter3@4.0.7 OK for: http-proxy-node16@1.0.5 want: ^4.0.0
105 silly placeDep node_modules/configurable-http-proxy follow-redirects@1.15.9 OK for: http-proxy-node16@1.0.5 want: ^1.0.0
106 silly placeDep node_modules/configurable-http-proxy requires-port@1.0.0 OK for: http-proxy-node16@1.0.5 want: ^1.0.0
107 silly placeDep node_modules/configurable-http-proxy tdigest@0.1.2 OK for: prom-client@14.2.0 want: ^0.1.1
108 silly fetch manifest bintrees@1.0.2
109 silly packumentCache full:https://registry.npmjs.org/bintrees cache-miss
110 http fetch GET 200 https://registry.npmjs.org/bintrees 93ms (cache miss)
111 silly packumentCache full:https://registry.npmjs.org/bintrees set size:undefined disposed:false
112 silly placeDep node_modules/configurable-http-proxy bintrees@1.0.2 OK for: tdigest@0.1.2 want: 1.0.2
113 silly placeDep node_modules/configurable-http-proxy @colors/colors@1.6.0 OK for: winston@3.15.0 want: ^1.6.0
114 silly placeDep node_modules/configurable-http-proxy @dabh/diagnostics@2.0.3 OK for: winston@3.15.0 want: ^2.0.2
115 silly placeDep node_modules/configurable-http-proxy async@3.2.6 OK for: winston@3.15.0 want: ^3.2.3
116 silly placeDep node_modules/configurable-http-proxy is-stream@2.0.1 OK for: winston@3.15.0 want: ^2.0.0
117 silly placeDep node_modules/configurable-http-proxy logform@2.7.0 OK for: winston@3.15.0 want: ^2.6.0
118 silly placeDep node_modules/configurable-http-proxy one-time@1.0.0 OK for: winston@3.15.0 want: ^1.0.0
119 silly placeDep node_modules/configurable-http-proxy readable-stream@3.6.2 OK for: winston@3.15.0 want: ^3.4.0
120 silly placeDep node_modules/configurable-http-proxy safe-stable-stringify@2.5.0 OK for: winston@3.15.0 want: ^2.3.1
121 silly placeDep node_modules/configurable-http-proxy stack-trace@0.0.10 OK for: winston@3.15.0 want: 0.0.x
122 silly placeDep node_modules/configurable-http-proxy triple-beam@1.4.1 OK for: winston@3.15.0 want: ^1.3.0
123 silly placeDep node_modules/configurable-http-proxy winston-transport@4.9.0 OK for: winston@3.15.0 want: ^4.7.0
124 silly fetch manifest colorspace@1.1.x
125 silly packumentCache full:https://registry.npmjs.org/colorspace cache-miss
126 silly fetch manifest enabled@2.0.x
127 silly packumentCache full:https://registry.npmjs.org/enabled cache-miss
128 silly fetch manifest kuler@^2.0.0
129 silly packumentCache full:https://registry.npmjs.org/kuler cache-miss
130 silly fetch manifest @types/triple-beam@^1.3.2
131 silly packumentCache full:https://registry.npmjs.org/@types%2ftriple-beam cache-miss
132 silly fetch manifest fecha@^4.2.0
133 silly packumentCache full:https://registry.npmjs.org/fecha cache-miss
134 silly fetch manifest ms@^2.1.1
135 silly packumentCache full:https://registry.npmjs.org/ms cache-miss
136 silly fetch manifest fn.name@1.x.x
137 silly packumentCache full:https://registry.npmjs.org/fn.name cache-miss
138 http fetch GET 200 https://registry.npmjs.org/ms 56ms (cache miss)
139 silly packumentCache full:https://registry.npmjs.org/ms set size:undefined disposed:false
140 silly fetch manifest inherits@^2.0.3
141 silly packumentCache full:https://registry.npmjs.org/inherits cache-miss
142 http fetch GET 200 https://registry.npmjs.org/enabled 117ms (cache miss)
143 silly packumentCache full:https://registry.npmjs.org/enabled set size:undefined disposed:false
144 silly fetch manifest string_decoder@^1.1.1
145 silly packumentCache full:https://registry.npmjs.org/string_decoder cache-miss
146 http fetch GET 200 https://registry.npmjs.org/colorspace 124ms (cache miss)
147 silly packumentCache full:https://registry.npmjs.org/colorspace set size:undefined disposed:false
148 silly fetch manifest util-deprecate@^1.0.1
149 silly packumentCache full:https://registry.npmjs.org/util-deprecate cache-miss
150 http fetch GET 200 https://registry.npmjs.org/fn.name 121ms (cache miss)
151 silly packumentCache full:https://registry.npmjs.org/fn.name set size:undefined disposed:false
152 http fetch GET 200 https://registry.npmjs.org/inherits 67ms (cache miss)
153 silly packumentCache full:https://registry.npmjs.org/inherits set size:undefined disposed:false
154 http fetch GET 200 https://registry.npmjs.org/fecha 130ms (cache miss)
155 silly packumentCache full:https://registry.npmjs.org/fecha set size:undefined disposed:false
156 http fetch GET 200 https://registry.npmjs.org/kuler 134ms (cache miss)
157 silly packumentCache full:https://registry.npmjs.org/kuler set size:undefined disposed:false
158 http fetch GET 200 https://registry.npmjs.org/@types%2ftriple-beam 161ms (cache miss)
159 silly packumentCache full:https://registry.npmjs.org/@types%2ftriple-beam set size:undefined disposed:false
160 http fetch GET 200 https://registry.npmjs.org/util-deprecate 39ms (cache miss)
161 silly packumentCache full:https://registry.npmjs.org/util-deprecate set size:undefined disposed:false
162 http fetch GET 200 https://registry.npmjs.org/string_decoder 83ms (cache miss)
163 silly packumentCache full:https://registry.npmjs.org/string_decoder set size:undefined disposed:false
164 silly placeDep node_modules/configurable-http-proxy colorspace@1.1.4 OK for: @dabh/diagnostics@2.0.3 want: 1.1.x
165 silly placeDep node_modules/configurable-http-proxy enabled@2.0.0 OK for: @dabh/diagnostics@2.0.3 want: 2.0.x
166 silly placeDep node_modules/configurable-http-proxy kuler@2.0.0 OK for: @dabh/diagnostics@2.0.3 want: ^2.0.0
167 silly fetch manifest color@^3.1.3
168 silly packumentCache full:https://registry.npmjs.org/color cache-miss
169 silly fetch manifest text-hex@1.0.x
170 silly packumentCache full:https://registry.npmjs.org/text-hex cache-miss
171 http fetch GET 200 https://registry.npmjs.org/color 31ms (cache miss)
172 silly packumentCache full:https://registry.npmjs.org/color set size:undefined disposed:false
173 http fetch GET 200 https://registry.npmjs.org/text-hex 84ms (cache miss)
174 silly packumentCache full:https://registry.npmjs.org/text-hex set size:undefined disposed:false
175 silly placeDep node_modules/configurable-http-proxy color@3.2.1 OK for: colorspace@1.1.4 want: ^3.1.3
176 silly placeDep node_modules/configurable-http-proxy text-hex@1.0.0 OK for: colorspace@1.1.4 want: 1.0.x
177 silly fetch manifest color-convert@^1.9.3
178 silly packumentCache full:https://registry.npmjs.org/color-convert cache-miss
179 silly fetch manifest color-string@^1.6.0
180 silly packumentCache full:https://registry.npmjs.org/color-string cache-miss
181 http fetch GET 200 https://registry.npmjs.org/color-string 40ms (cache miss)
182 silly packumentCache full:https://registry.npmjs.org/color-string set size:undefined disposed:false
183 http fetch GET 200 https://registry.npmjs.org/color-convert 42ms (cache miss)
184 silly packumentCache full:https://registry.npmjs.org/color-convert set size:undefined disposed:false
185 silly placeDep node_modules/configurable-http-proxy color-convert@1.9.3 OK for: color@3.2.1 want: ^1.9.3
186 silly placeDep node_modules/configurable-http-proxy color-string@1.9.1 OK for: color@3.2.1 want: ^1.6.0
187 silly fetch manifest color-name@1.1.3
188 silly packumentCache full:https://registry.npmjs.org/color-name cache-miss
189 silly fetch manifest color-name@^1.0.0
190 silly packumentCache full:https://registry.npmjs.org/color-name cache-miss
191 silly fetch manifest simple-swizzle@^0.2.2
192 silly packumentCache full:https://registry.npmjs.org/simple-swizzle cache-miss
193 http fetch GET 200 https://registry.npmjs.org/color-name 31ms (cache miss)
194 silly packumentCache full:https://registry.npmjs.org/color-name set size:undefined disposed:false
195 http fetch GET 200 https://registry.npmjs.org/simple-swizzle 40ms (cache miss)
196 silly packumentCache full:https://registry.npmjs.org/simple-swizzle set size:undefined disposed:false
197 http fetch GET 200 https://registry.npmjs.org/color-name 43ms (cache miss)
198 silly packumentCache full:https://registry.npmjs.org/color-name set size:undefined disposed:false
199 silly placeDep node_modules/configurable-http-proxy color-name@1.1.3 OK for: color-convert@1.9.3 want: 1.1.3
200 silly placeDep node_modules/configurable-http-proxy simple-swizzle@0.2.2 OK for: color-string@1.9.1 want: ^0.2.2
201 silly fetch manifest is-arrayish@^0.3.1
202 silly packumentCache full:https://registry.npmjs.org/is-arrayish cache-miss
203 http fetch GET 200 https://registry.npmjs.org/is-arrayish 42ms (cache miss)
204 silly packumentCache full:https://registry.npmjs.org/is-arrayish set size:undefined disposed:false
205 silly placeDep node_modules/configurable-http-proxy @types/triple-beam@1.3.5 OK for: logform@2.7.0 want: ^1.3.2
206 silly placeDep node_modules/configurable-http-proxy fecha@4.2.3 OK for: logform@2.7.0 want: ^4.2.0
207 silly placeDep node_modules/configurable-http-proxy ms@2.1.3 OK for: logform@2.7.0 want: ^2.1.1
208 silly placeDep node_modules/configurable-http-proxy fn.name@1.1.0 OK for: one-time@1.0.0 want: 1.x.x
209 silly placeDep node_modules/configurable-http-proxy inherits@2.0.4 OK for: readable-stream@3.6.2 want: ^2.0.3
210 silly placeDep node_modules/configurable-http-proxy string_decoder@1.3.0 OK for: readable-stream@3.6.2 want: ^1.1.1
211 silly placeDep node_modules/configurable-http-proxy util-deprecate@1.0.2 OK for: readable-stream@3.6.2 want: ^1.0.1
212 silly fetch manifest safe-buffer@~5.2.0
213 silly packumentCache full:https://registry.npmjs.org/safe-buffer cache-miss
214 http fetch GET 200 https://registry.npmjs.org/safe-buffer 44ms (cache miss)
215 silly packumentCache full:https://registry.npmjs.org/safe-buffer set size:undefined disposed:false
216 silly placeDep node_modules/configurable-http-proxy is-arrayish@0.3.2 OK for: simple-swizzle@0.2.2 want: ^0.3.1
217 silly placeDep node_modules/configurable-http-proxy safe-buffer@5.2.1 OK for: string_decoder@1.3.0 want: ~5.2.0
218 silly reify moves {}
219 verbose stack Error: EACCES: permission denied, mkdir '/usr/lib/node_modules/configurable-http-proxy'
219 verbose stack     at async mkdir (node:internal/fs/promises:857:10)
219 verbose stack     at async /usr/lib/node_modules/npm/node_modules/@npmcli/arborist/lib/arborist/reify.js:624:20
219 verbose stack     at async Promise.allSettled (index 0)
219 verbose stack     at async [reifyPackages] (/usr/lib/node_modules/npm/node_modules/@npmcli/arborist/lib/arborist/reify.js:325:11)
219 verbose stack     at async Arborist.reify (/usr/lib/node_modules/npm/node_modules/@npmcli/arborist/lib/arborist/reify.js:142:5)
219 verbose stack     at async Install.exec (/usr/lib/node_modules/npm/lib/commands/install.js:150:5)
219 verbose stack     at async Npm.exec (/usr/lib/node_modules/npm/lib/npm.js:207:9)
219 verbose stack     at async module.exports (/usr/lib/node_modules/npm/lib/cli/entry.js:74:5)
220 error code EACCES
221 error syscall mkdir
222 error path /usr/lib/node_modules/configurable-http-proxy
223 error errno -13
224 error Error: EACCES: permission denied, mkdir '/usr/lib/node_modules/configurable-http-proxy'
224 error     at async mkdir (node:internal/fs/promises:857:10)
224 error     at async /usr/lib/node_modules/npm/node_modules/@npmcli/arborist/lib/arborist/reify.js:624:20
224 error     at async Promise.allSettled (index 0)
224 error     at async [reifyPackages] (/usr/lib/node_modules/npm/node_modules/@npmcli/arborist/lib/arborist/reify.js:325:11)
224 error     at async Arborist.reify (/usr/lib/node_modules/npm/node_modules/@npmcli/arborist/lib/arborist/reify.js:142:5)
224 error     at async Install.exec (/usr/lib/node_modules/npm/lib/commands/install.js:150:5)
224 error     at async Npm.exec (/usr/lib/node_modules/npm/lib/npm.js:207:9)
224 error     at async module.exports (/usr/lib/node_modules/npm/lib/cli/entry.js:74:5) {
224 error   errno: -13,
224 error   code: 'EACCES',
224 error   syscall: 'mkdir',
224 error   path: '/usr/lib/node_modules/configurable-http-proxy'
224 error }
225 error
225 error The operation was rejected by your operating system.
225 error It is likely you do not have the permissions to access this file as the current user
225 error
225 error If you believe this might be a permissions issue, please double-check the
225 error permissions of the file and its containing directories, or try running
225 error the command again as root/Administrator.
226 silly unfinished npm timer reify 1738076137479
227 silly unfinished npm timer reify:createSparse 1738076139414
228 verbose cwd /home/amine/jupyterhub
229 verbose os Linux 5.15.153.1-microsoft-standard-WSL2
230 verbose node v22.13.1
231 verbose npm  v10.9.2
232 notice
232 notice New [31mmajor[39m version of npm available! [31m10.9.2[39m -> [34m11.0.0[39m
232 notice Changelog: [34mhttps://github.com/npm/cli/releases/tag/v11.0.0[39m
232 notice To update run: [4mnpm install -g npm@11.0.0[24m
232 notice  { force: true, [Symbol(proc-log.meta)]: true }
233 verbose exit -13
234 verbose code -13
235 error A complete log of this run can be found in: /home/amine/.npm/_logs/2025-01-28T14_55_36_823Z-debug-0.log
